\BOOKMARK [1][-]{section.1}{\376\377\137\256\171\357\122\006}{}% 1
\BOOKMARK [2][-]{subsection.1.1}{\376\377\121\375\145\160\127\372\170\100}{section.1}% 2
\BOOKMARK [2][-]{subsection.1.2}{\376\377\145\160\122\027\166\204\147\201\226\120}{section.1}% 3
\BOOKMARK [2][-]{subsection.1.3}{\376\377\121\375\145\160\166\204\147\201\226\120}{section.1}% 4
\BOOKMARK [3][-]{subsubsection.1.3.1}{\376\377\136\070\165\050\147\201\226\120\123\312\121\166\143\250\133\374}{subsection.1.3}% 5
\BOOKMARK [2][-]{subsection.1.4}{\376\377\121\375\145\160\166\204\217\336\176\355\140\047\060\001\123\357\133\374\140\047\116\016\137\256\122\006\116\055\120\074\133\232\164\006}{section.1}% 6
\BOOKMARK [2][-]{subsection.1.5}{\376\377\123\237\121\375\145\160\116\016\116\015\133\232\171\357\122\006}{section.1}% 7
\BOOKMARK [2][-]{subsection.1.6}{\376\377\133\232\171\357\122\006}{section.1}% 8
\BOOKMARK [2][-]{subsection.1.7}{\376\377\176\247\145\160}{section.1}% 9
\BOOKMARK [1][-]{section.2}{\376\377\176\277\140\047\116\343\145\160}{}% 10
\BOOKMARK [2][-]{subsection.2.1}{\376\377\210\114\122\027\137\017}{section.2}% 11
\BOOKMARK [2][-]{subsection.2.2}{\376\377\167\351\226\065\166\204\127\372\147\054\217\320\173\227\377\014\123\357\220\006\167\351\226\065}{section.2}% 12
\BOOKMARK [2][-]{subsection.2.3}{\376\377\176\277\140\047\145\271\172\013\176\304\166\204\211\343\377\014\211\343\172\172\225\364}{section.2}% 13
\BOOKMARK [1][-]{section.3}{\376\377\151\202\163\207\213\272\116\016\145\160\164\006\176\337\213\241}{}% 14
\BOOKMARK [1][-]{section.4}{\376\377\136\070\137\256\122\006\145\271\172\013}{}% 15
\BOOKMARK [1][-]{section.5}{\376\377\120\117\137\256\122\006\145\271\172\013}{}% 16
\BOOKMARK [2][-]{subsection.5.1}{\376\377\217\271\165\114\147\141\116\366}{section.5}% 17
\BOOKMARK [3][-]{subsubsection.5.1.1}{\376\377\176\306\147\106\166\204\160\355\117\040\133\374\145\271\172\013}{subsection.5.1}% 18
\BOOKMARK [3][-]{subsubsection.5.1.2}{\376\377\137\046\166\204\143\057\122\250\145\271\172\013}{subsection.5.1}% 19
\BOOKMARK [2][-]{subsection.5.2}{\376\377\122\035\131\313\147\141\116\366}{section.5}% 20
\BOOKMARK [3][-]{subsubsection.5.2.1}{\376\377\154\342\122\250\145\271\172\013}{subsection.5.2}% 21
\BOOKMARK [3][-]{subsubsection.5.2.2}{\376\377\160\355\117\040\133\374\145\271\172\013}{subsection.5.2}% 22
\BOOKMARK [2][-]{subsection.5.3}{\376\377\147\054\137\201\120\074\225\356\230\230}{section.5}% 23
\BOOKMARK [2][-]{subsection.5.4}{\376\377\210\145\121\105\116\140\230\230}{section.5}% 24
\BOOKMARK [1][-]{section.6}{\376\377\147\052\137\122\174\173}{}% 25
